0 info it worked if it ends with ok
1 verbose cli [ '/usr/local/bin/node', '/usr/local/bin/npm', 'start' ]
2 info using npm@2.15.11
3 info using node@v0.12.18
4 verbose run-script [ 'prestart', 'start', 'poststart' ]
5 info prestart server@1.0.0
6 info start server@1.0.0
7 verbose unsafe-perm in lifecycle true
8 info server@1.0.0 Failed to exec start script
9 verbose stack Error: server@1.0.0 start: `./node_modules/nodemon/bin/nodemon.js src/app.js`
9 verbose stack Exit status 1
9 verbose stack     at EventEmitter.<anonymous> (/usr/local/lib/node_modules/npm/lib/utils/lifecycle.js:217:16)
9 verbose stack     at EventEmitter.emit (events.js:110:17)
9 verbose stack     at ChildProcess.<anonymous> (/usr/local/lib/node_modules/npm/lib/utils/spawn.js:24:14)
9 verbose stack     at ChildProcess.emit (events.js:110:17)
9 verbose stack     at maybeClose (child_process.js:1019:16)
9 verbose stack     at Process.ChildProcess._handle.onexit (child_process.js:1091:5)
10 verbose pkgid server@1.0.0
11 verbose cwd /var/www/myapp/server
12 error Linux 4.4.0-119-generic
13 error argv "/usr/local/bin/node" "/usr/local/bin/npm" "start"
14 error node v0.12.18
15 error npm  v2.15.11
16 error code ELIFECYCLE
17 error server@1.0.0 start: `./node_modules/nodemon/bin/nodemon.js src/app.js`
17 error Exit status 1
18 error Failed at the server@1.0.0 start script './node_modules/nodemon/bin/nodemon.js src/app.js'.
18 error This is most likely a problem with the server package,
18 error not with npm itself.
18 error Tell the author that this fails on your system:
18 error     ./node_modules/nodemon/bin/nodemon.js src/app.js
18 error You can get information on how to open an issue for this project with:
18 error     npm bugs server
18 error Or if that isn't available, you can get their info via:
18 error
18 error     npm owner ls server
18 error There is likely additional logging output above.
19 verbose exit [ 1, true ]
